<?xml version="1.0" encoding="UTF-8"?>
<testsuite name="com.styp.cenate.CenateApplicationTests" tests="1" skipped="0" failures="0" errors="0" timestamp="2025-10-20T22:44:35.165Z" hostname="MacBook-Pro-de-Styp.local" time="0.327">
  <properties/>
  <testcase name="contextLoads()" classname="com.styp.cenate.CenateApplicationTests" time="0.327"/>
  <system-out><![CDATA[17:44:29.712 [Test worker] INFO org.springframework.test.context.support.AnnotationConfigContextLoaderUtils -- Could not detect default configuration classes for test class [com.styp.cenate.CenateApplicationTests]: CenateApplicationTests does not declare any static, non-private, non-final, nested classes annotated with @Configuration.
17:44:29.785 [Test worker] INFO org.springframework.boot.test.context.SpringBootTestContextBootstrapper -- Found @SpringBootConfiguration com.styp.cenate.CenateApplication for test class com.styp.cenate.CenateApplicationTests

  .   ____          _            __ _ _
 /\\ / ___'_ __ _ _(_)_ __  __ _ \ \ \ \
( ( )\___ | '_ | '_| | '_ \/ _` | \ \ \ \
 \\/  ___)| |_)| | | | | || (_| |  ) ) ) )
  '  |____| .__|_| |_|_| |_\__, | / / / /
 =========|_|==============|___/=/_/_/_/

 :: Spring Boot ::                (v3.5.6)

2025-10-20T17:44:29.991-05:00  INFO 53860 --- [CenateApplication] [    Test worker] com.styp.cenate.CenateApplicationTests   : Starting CenateApplicationTests using Java 17.0.15 with PID 53860 (started by styp in /Users/styp/Documents/CENATE/Chatbot/API_Springboot/cenate/backend)
2025-10-20T17:44:29.992-05:00  INFO 53860 --- [CenateApplication] [    Test worker] com.styp.cenate.CenateApplicationTests   : The following 1 profile is active: "test"
2025-10-20T17:44:30.597-05:00  INFO 53860 --- [CenateApplication] [    Test worker] .s.d.r.c.RepositoryConfigurationDelegate : Bootstrapping Spring Data JPA repositories in DEFAULT mode.
2025-10-20T17:44:30.676-05:00  INFO 53860 --- [CenateApplication] [    Test worker] .s.d.r.c.RepositoryConfigurationDelegate : Finished Spring Data repository scanning in 74 ms. Found 33 JPA repository interfaces.
2025-10-20T17:44:31.039-05:00  INFO 53860 --- [CenateApplication] [    Test worker] o.hibernate.jpa.internal.util.LogHelper  : HHH000204: Processing PersistenceUnitInfo [name: default]
2025-10-20T17:44:31.060-05:00  INFO 53860 --- [CenateApplication] [    Test worker] org.hibernate.Version                    : HHH000412: Hibernate ORM core version 6.6.29.Final
2025-10-20T17:44:31.074-05:00  INFO 53860 --- [CenateApplication] [    Test worker] o.h.c.internal.RegionFactoryInitiator    : HHH000026: Second-level cache disabled
2025-10-20T17:44:31.208-05:00  INFO 53860 --- [CenateApplication] [    Test worker] o.s.o.j.p.SpringPersistenceUnitInfo      : No LoadTimeWeaver setup: ignoring JPA class transformer
2025-10-20T17:44:31.215-05:00  WARN 53860 --- [CenateApplication] [    Test worker] org.hibernate.orm.deprecation            : HHH90000021: Encountered deprecated setting [hibernate.temp.use_jdbc_metadata_defaults], use [hibernate.boot.allow_jdbc_metadata_access] instead
2025-10-20T17:44:31.225-05:00  INFO 53860 --- [CenateApplication] [    Test worker] com.zaxxer.hikari.HikariDataSource       : CenateHikariCP - Starting...
2025-10-20T17:44:31.361-05:00  INFO 53860 --- [CenateApplication] [    Test worker] com.zaxxer.hikari.pool.HikariPool        : CenateHikariCP - Added connection org.postgresql.jdbc.PgConnection@2b4954a4
2025-10-20T17:44:31.362-05:00  INFO 53860 --- [CenateApplication] [    Test worker] com.zaxxer.hikari.HikariDataSource       : CenateHikariCP - Start completed.
2025-10-20T17:44:31.382-05:00  WARN 53860 --- [CenateApplication] [    Test worker] org.hibernate.orm.deprecation            : HHH90000025: PostgreSQLDialect does not need to be specified explicitly using 'hibernate.dialect' (remove the property setting and it will be selected by default)
2025-10-20T17:44:31.404-05:00  INFO 53860 --- [CenateApplication] [    Test worker] org.hibernate.orm.connections.pooling    : HHH10001005: Database info:
	Database JDBC URL [Connecting through datasource 'HikariDataSource (CenateHikariCP)']
	Database driver: undefined/unknown
	Database version: 16.9
	Autocommit mode: undefined/unknown
	Isolation level: undefined/unknown
	Minimum pool size: undefined/unknown
	Maximum pool size: undefined/unknown
2025-10-20T17:44:32.235-05:00  INFO 53860 --- [CenateApplication] [    Test worker] o.h.e.t.j.p.i.JtaPlatformInitiator       : HHH000489: No JTA platform available (set 'hibernate.transaction.jta.platform' to enable JTA platform integration)
2025-10-20T17:44:32.236-05:00  INFO 53860 --- [CenateApplication] [    Test worker] j.LocalContainerEntityManagerFactoryBean : Initialized JPA EntityManagerFactory for persistence unit 'default'
2025-10-20T17:44:32.442-05:00  INFO 53860 --- [CenateApplication] [    Test worker] o.s.d.j.r.query.QueryEnhancerFactory     : Hibernate is in classpath; If applicable, HQL parser will be used.
2025-10-20T17:44:34.655-05:00  INFO 53860 --- [CenateApplication] [    Test worker] o.s.b.a.e.web.EndpointLinksResolver      : Exposing 3 endpoints beneath base path '/actuator'
2025-10-20T17:44:34.701-05:00  INFO 53860 --- [CenateApplication] [    Test worker] eAuthenticationProviderManagerConfigurer : Global AuthenticationManager configured with AuthenticationProvider bean with name authenticationProvider
2025-10-20T17:44:34.702-05:00  WARN 53860 --- [CenateApplication] [    Test worker] r$InitializeUserDetailsManagerConfigurer : Global AuthenticationManager configured with an AuthenticationProvider bean. UserDetailsService beans will not be used by Spring Security for automatically configuring username/password login. Consider removing the AuthenticationProvider bean. Alternatively, consider using the UserDetailsService in a manually instantiated DaoAuthenticationProvider. If the current configuration is intentional, to turn off this warning, increase the logging level of 'org.springframework.security.config.annotation.authentication.configuration.InitializeUserDetailsBeanManagerConfigurer' to ERROR
2025-10-20T17:44:35.135-05:00  INFO 53860 --- [CenateApplication] [    Test worker] com.styp.cenate.CenateApplicationTests   : Started CenateApplicationTests in 5.283 seconds (process running for 5.835)
]]></system-out>
  <system-err><![CDATA[]]></system-err>
</testsuite>
